[debug] [2024-10-07T14:14:48.935Z] ----------------------------------------------------------------------
[debug] [2024-10-07T14:14:48.938Z] Command:       /home/gitpod/.nvm/versions/node/v20.17.0/bin/node /home/gitpod/.nvm/versions/node/v20.17.0/bin/firebase login
[debug] [2024-10-07T14:14:48.938Z] CLI Version:   13.20.2
[debug] [2024-10-07T14:14:48.938Z] Platform:      linux
[debug] [2024-10-07T14:14:48.938Z] Node Version:  v20.17.0
[debug] [2024-10-07T14:14:48.938Z] Time:          Mon Oct 07 2024 14:14:48 GMT+0000 (Coordinated Universal Time)
[debug] [2024-10-07T14:14:48.938Z] ----------------------------------------------------------------------
[debug] 
[debug] [2024-10-07T14:14:48.941Z] >>> [apiv2][query] GET https://firebase-public.firebaseio.com/cli.json [none]
[info] i  Firebase optionally collects CLI and Emulator Suite usage and error reporting information to help improve our products. Data is collected in accordance with Google's privacy policy (https://policies.google.com/privacy) and is not used to identify you.
 
[debug] [2024-10-07T14:14:49.215Z] <<< [apiv2][status] GET https://firebase-public.firebaseio.com/cli.json 200
[debug] [2024-10-07T14:14:49.215Z] <<< [apiv2][body] GET https://firebase-public.firebaseio.com/cli.json {"cloudBuildErrorAfter":1594252800000,"cloudBuildWarnAfter":1590019200000,"defaultNode10After":1594252800000,"minVersion":"3.0.5","node8DeploysDisabledAfter":1613390400000,"node8RuntimeDisabledAfter":1615809600000,"node8WarnAfter":1600128000000}
[info] i  To change your data collection preference at any time, run `firebase logout` and log in again. 
[info] 
[info] Visit this URL on this device to log in:
[info] https://accounts.google.com/o/oauth2/auth?client_id=563584335869-fgrhgmd47bqnekij5i8b5pr03ho849e6.apps.googleusercontent.com&scope=email%20openid%20https%3A%2F%2Fwww.googleapis.com%2Fauth%2Fcloudplatformprojects.readonly%20https%3A%2F%2Fwww.googleapis.com%2Fauth%2Ffirebase%20https%3A%2F%2Fwww.googleapis.com%2Fauth%2Fcloud-platform&response_type=code&state=777554223&redirect_uri=http%3A%2F%2Flocalhost%3A9005
[info] 
[info] Waiting for authentication...
[debug] [2024-10-07T14:15:41.219Z] ----------------------------------------------------------------------
[debug] [2024-10-07T14:15:41.222Z] Command:       /home/gitpod/.nvm/versions/node/v20.17.0/bin/node /home/gitpod/.nvm/versions/node/v20.17.0/bin/firebase login
[debug] [2024-10-07T14:15:41.222Z] CLI Version:   13.20.2
[debug] [2024-10-07T14:15:41.223Z] Platform:      linux
[debug] [2024-10-07T14:15:41.223Z] Node Version:  v20.17.0
[debug] [2024-10-07T14:15:41.223Z] Time:          Mon Oct 07 2024 14:15:41 GMT+0000 (Coordinated Universal Time)
[debug] [2024-10-07T14:15:41.223Z] ----------------------------------------------------------------------
[debug] 
[info] i  Firebase optionally collects CLI and Emulator Suite usage and error reporting information to help improve our products. Data is collected in accordance with Google's privacy policy (https://policies.google.com/privacy) and is not used to identify you.
 
[info] 
[info] Visit this URL on this device to log in:
[info] https://accounts.google.com/o/oauth2/auth?client_id=563584335869-fgrhgmd47bqnekij5i8b5pr03ho849e6.apps.googleusercontent.com&scope=email%20openid%20https%3A%2F%2Fwww.googleapis.com%2Fauth%2Fcloudplatformprojects.readonly%20https%3A%2F%2Fwww.googleapis.com%2Fauth%2Ffirebase%20https%3A%2F%2Fwww.googleapis.com%2Fauth%2Fcloud-platform&response_type=code&state=312640684&redirect_uri=http%3A%2F%2Flocalhost%3A9005
[info] 
[info] Waiting for authentication...
